<?xml version="1.0" encoding="UTF-8"?>
<testsuite xmlns:xsi="http://www.w3.org/2001/XMLSchema-instance" xsi:noNamespaceSchemaLocation="https://maven.apache.org/surefire/maven-surefire-plugin/xsd/surefire-test-report.xsd" name="Perseverance.AppTest" time="0.617" tests="21" errors="0" skipped="0" failures="0">
  <properties>
    <property name="java.specification.version" value="16"/>
    <property name="sun.cpu.isalist" value="amd64"/>
    <property name="sun.jnu.encoding" value="Cp1252"/>
    <property name="java.class.path" value="C:\Gaston\Facultad\INGENIERIA DE SOFTWARE\Apolo\target\test-classes;C:\Gaston\Facultad\INGENIERIA DE SOFTWARE\Apolo\target\classes;C:\Users\sarto\.m2\repository\junit\junit\4.11\junit-4.11.jar;C:\Users\sarto\.m2\repository\org\hamcrest\hamcrest-core\1.3\hamcrest-core-1.3.jar;"/>
    <property name="java.vm.vendor" value="Oracle Corporation"/>
    <property name="sun.arch.data.model" value="64"/>
    <property name="user.variant" value=""/>
    <property name="java.vendor.url" value="https://java.oracle.com/"/>
    <property name="user.timezone" value="America/Buenos_Aires"/>
    <property name="os.name" value="Windows 10"/>
    <property name="java.vm.specification.version" value="16"/>
    <property name="sun.java.launcher" value="SUN_STANDARD"/>
    <property name="user.country" value="ES"/>
    <property name="sun.boot.library.path" value="C:\Program Files\Java\jdk-16.0.1\bin"/>
    <property name="sun.java.command" value="C:\Users\sarto\AppData\Local\Temp\surefire2728391681618479511\surefirebooter15648478707850746620.jar C:\Users\sarto\AppData\Local\Temp\surefire2728391681618479511 2021-06-08T10-42-06_387-jvmRun1 surefire13190373231251784653tmp surefire_09662794545916864085tmp"/>
    <property name="jdk.debug" value="release"/>
    <property name="surefire.test.class.path" value="C:\Gaston\Facultad\INGENIERIA DE SOFTWARE\Apolo\target\test-classes;C:\Gaston\Facultad\INGENIERIA DE SOFTWARE\Apolo\target\classes;C:\Users\sarto\.m2\repository\junit\junit\4.11\junit-4.11.jar;C:\Users\sarto\.m2\repository\org\hamcrest\hamcrest-core\1.3\hamcrest-core-1.3.jar;"/>
    <property name="sun.cpu.endian" value="little"/>
    <property name="user.home" value="C:\Users\sarto"/>
    <property name="user.language" value="es"/>
    <property name="java.specification.vendor" value="Oracle Corporation"/>
    <property name="java.version.date" value="2021-04-20"/>
    <property name="java.home" value="C:\Program Files\Java\jdk-16.0.1"/>
    <property name="file.separator" value="\"/>
    <property name="basedir" value="C:\Gaston\Facultad\INGENIERIA DE SOFTWARE\Apolo"/>
    <property name="java.vm.compressedOopsMode" value="Zero based"/>
    <property name="line.separator" value="&#10;"/>
    <property name="java.vm.specification.vendor" value="Oracle Corporation"/>
    <property name="java.specification.name" value="Java Platform API Specification"/>
    <property name="surefire.real.class.path" value="C:\Users\sarto\AppData\Local\Temp\surefire2728391681618479511\surefirebooter15648478707850746620.jar"/>
    <property name="user.script" value=""/>
    <property name="sun.management.compiler" value="HotSpot 64-Bit Tiered Compilers"/>
    <property name="java.runtime.version" value="16.0.1+9-24"/>
    <property name="user.name" value="Gaston"/>
    <property name="path.separator" value=";"/>
    <property name="os.version" value="10.0"/>
    <property name="java.runtime.name" value="Java(TM) SE Runtime Environment"/>
    <property name="file.encoding" value="Cp1252"/>
    <property name="java.vm.name" value="Java HotSpot(TM) 64-Bit Server VM"/>
    <property name="localRepository" value="C:\Users\sarto\.m2\repository"/>
    <property name="java.vendor.url.bug" value="https://bugreport.java.com/bugreport/"/>
    <property name="java.io.tmpdir" value="C:\Users\sarto\AppData\Local\Temp\"/>
    <property name="java.version" value="16.0.1"/>
    <property name="user.dir" value="C:\Gaston\Facultad\INGENIERIA DE SOFTWARE\Apolo"/>
    <property name="os.arch" value="amd64"/>
    <property name="java.vm.specification.name" value="Java Virtual Machine Specification"/>
    <property name="sun.os.patch.level" value=""/>
    <property name="java.library.path" value="C:\Program Files\Java\jdk-16.0.1\bin;C:\Windows\Sun\Java\bin;C:\Windows\system32;C:\Windows;C:\Users\sarto\bin;C:\Program Files\Git\mingw64\bin;C:\Program Files\Git\usr\local\bin;C:\Program Files\Git\usr\bin;C:\Program Files\Git\usr\bin;C:\Program Files\Git\mingw64\bin;C:\Program Files\Git\usr\bin;C:\Users\sarto\bin;C:\Program Files\Common Files\Oracle\Java\javapath;C:\Program Files (x86)\NVIDIA Corporation\PhysX\Common;C:\Program Files (x86)\Common Files\Oracle\Java\javapath;C:\Program Files\Python38\Scripts;C:\Program Files\Python38;C:\Windows\system32;C:\Windows;C:\Windows\System32\Wbem;C:\Windows\System32\WindowsPowerShell\v1.0;C:\Windows\System32\OpenSSH;C:\Program Files\Xilinx 9.2i\bin\nt;D:\MatLab\MatLab\runtime\win64;D:\MatLab\MatLab\bin;C:\Program Files\Git\cmd;C:\apache-maven-3.8.1\bin;C:\Program Files\Java\jdk-16.0.1\bin;C:\Program Files\PuTTY;C:\Users\sarto\AppData\Local\Programs\Python\Python38-32\Scripts;C:\Users\sarto\AppData\Local\Programs\Python\Python38-32;C:\Python3.8.3\Scripts;C:\Python3.8.3;C:\Users\sarto\AppData\Local\Microsoft\WindowsApps;C:\Users\sarto\miniconda3\Scripts;C:\Users\sarto\miniconda3;C:\Users\sarto\miniconda3\Library\bin;C:\Program Files\Git\usr\bin\vendor_perl;C:\Program Files\Git\usr\bin\core_perl;."/>
    <property name="java.vm.info" value="mixed mode, sharing"/>
    <property name="java.vendor" value="Oracle Corporation"/>
    <property name="java.vm.version" value="16.0.1+9-24"/>
    <property name="sun.io.unicode.encoding" value="UnicodeLittle"/>
    <property name="java.class.version" value="60.0"/>
  </properties>
  <testcase name="testComprobarWin" classname="Perseverance.AppTest" time="0.094"/>
  <testcase name="testTablero" classname="Perseverance.AppTest" time="0.351"/>
  <testcase name="testAgregarPZDJVaciaNoK" classname="Perseverance.AppTest" time="0"/>
  <testcase name="testPuntuacion" classname="Perseverance.AppTest" time="0.006"/>
  <testcase name="testAgregarPZDEVaciaNoAs" classname="Perseverance.AppTest" time="0"/>
  <testcase name="testPedirCartas" classname="Perseverance.AppTest" time="0.006"/>
  <testcase name="testAgregaraPila" classname="Perseverance.AppTest" time="0.003"/>
  <testcase name="testAgregarPZDEValido" classname="Perseverance.AppTest" time="0"/>
  <testcase name="testAgregarPZDJVaciaK" classname="Perseverance.AppTest" time="0"/>
  <testcase name="testAgregarPZDJValido" classname="Perseverance.AppTest" time="0"/>
  <testcase name="testReiniciarMazo" classname="Perseverance.AppTest" time="0.015"/>
  <testcase name="testEstadisticas" classname="Perseverance.AppTest" time="0.006"/>
  <testcase name="testTableroyCartas" classname="Perseverance.AppTest" time="0.088"/>
  <testcase name="testAgregarPZDJNoValido" classname="Perseverance.AppTest" time="0"/>
  <testcase name="testCreadoDePilasDeJuego" classname="Perseverance.AppTest" time="0.001"/>
  <testcase name="testAgregarPZDENoValido" classname="Perseverance.AppTest" time="0.001"/>
  <testcase name="testCrearMazo" classname="Perseverance.AppTest" time="0"/>
  <testcase name="testCreadoDePilasDeEscalera" classname="Perseverance.AppTest" time="0"/>
  <testcase name="testAgregarPZDEVaciaAs" classname="Perseverance.AppTest" time="0"/>
  <testcase name="testCambioModoDeJuego" classname="Perseverance.AppTest" time="0.003"/>
  <testcase name="testMezclarMazo" classname="Perseverance.AppTest" time="0"/>
</testsuite>